<?xml version="1.0" encoding="UTF-8"?>
<testsuite xmlns:xsi="http://www.w3.org/2001/XMLSchema-instance" xsi:noNamespaceSchemaLocation="https://maven.apache.org/surefire/maven-surefire-plugin/xsd/surefire-test-report.xsd" version="3.0.2" name="com.erik.asterix.cat062.Cat062CodecTest" time="0.082" tests="11" errors="0" skipped="0" failures="0">
  <properties>
[...]
</properties>
  <testcase name="estimatedAccuraciesMatchesSpecLayout" classname="com.erik.asterix.cat062.Cat062CodecTest" time="0.012"/>
  <testcase name="aircraftDerivedDataUsesSplitAirspeedFieldsAndAdsbStatus" classname="com.erik.asterix.cat062.Cat062CodecTest" time="0.0"/>
  <testcase name="mode5DataReportsMatchesSpecLayout" classname="com.erik.asterix.cat062.Cat062CodecTest" time="0.001"/>
  <testcase name="measuredInformationMatchesSpecLayout" classname="com.erik.asterix.cat062.Cat062CodecTest" time="0.001"/>
  <testcase name="usesCat062V115FrnNumbersInFspec" classname="com.erik.asterix.cat062.Cat062CodecTest" time="0.01"/>
  <testcase name="systemTrackUpdateAgesUsesTrackAgeSubfield" classname="com.erik.asterix.cat062.Cat062CodecTest" time="0.006"/>
  <testcase name="byteArrayBackedModelTypesUseContentEquality" classname="com.erik.asterix.cat062.Cat062CodecTest" time="0.002"/>
  <testcase name="writesSpecBitLayoutsForFixedItems" classname="com.erik.asterix.cat062.Cat062CodecTest" time="0.001"/>
  <testcase name="trackStatusMatchesV115ExtentLayout" classname="com.erik.asterix.cat062.Cat062CodecTest" time="0.002"/>
  <testcase name="modeOfMovementUsesSingleOctetAndAdfBit" classname="com.erik.asterix.cat062.Cat062CodecTest" time="0.001"/>
  <testcase name="flightPlanRelatedDataMatchesSpecLayout" classname="com.erik.asterix.cat062.Cat062CodecTest" time="0.005"/>
</testsuite>